{"uid":"90462f295d223c31","name":"test_clustering_ok","fullName":"tests.integration.test_charm#test_clustering_ok","historyId":"884418ea9232442cf74fe83fb7076bc4","time":{"start":1763374420022,"stop":1763374420022,"duration":0},"description":"\n    Arrange: deploy the charm together with related charms.\n    Act: scale up to two units.\n    Assert: the clustering config is valid.\n    ","descriptionHtml":"<pre><code>Arrange: deploy the charm together with related charms.\nAct: scale up to two units.\nAssert: the clustering config is valid.\n</code></pre>\n","status":"broken","statusMessage":"TimeoutError: Timed out waiting for model:\n  wazuh-indexer/0 [executing] maintenance: Installing OpenSearch...\n  wazuh-indexer/1 [idle] active: \n  wazuh-indexer/2 [idle] active:","statusTrace":"Traceback (most recent call last):\n  File \"/home/ubuntu/actions-runner/_work/wazuh-server-operator/wazuh-server-operator/.tox/integration/lib/python3.12/site-packages/_pytest/runner.py\", line 353, in from_call\n    result: TResult | None = func()\n                             ^^^^^^\n  File \"/home/ubuntu/actions-runner/_work/wazuh-server-operator/wazuh-server-operator/.tox/integration/lib/python3.12/site-packages/_pytest/runner.py\", line 245, in <lambda>\n    lambda: runtest_hook(item=item, **kwds),\n            ^^^^^^^^^^^^^^^^^^^^^^^^^^^^^^^\n  File \"/home/ubuntu/actions-runner/_work/wazuh-server-operator/wazuh-server-operator/.tox/integration/lib/python3.12/site-packages/pluggy/_hooks.py\", line 512, in __call__\n    return self._hookexec(self.name, self._hookimpls.copy(), kwargs, firstresult)\n           ^^^^^^^^^^^^^^^^^^^^^^^^^^^^^^^^^^^^^^^^^^^^^^^^^^^^^^^^^^^^^^^^^^^^^^\n  File \"/home/ubuntu/actions-runner/_work/wazuh-server-operator/wazuh-server-operator/.tox/integration/lib/python3.12/site-packages/pluggy/_manager.py\", line 120, in _hookexec\n    return self._inner_hookexec(hook_name, methods, kwargs, firstresult)\n           ^^^^^^^^^^^^^^^^^^^^^^^^^^^^^^^^^^^^^^^^^^^^^^^^^^^^^^^^^^^^^\n  File \"/home/ubuntu/actions-runner/_work/wazuh-server-operator/wazuh-server-operator/.tox/integration/lib/python3.12/site-packages/pluggy/_callers.py\", line 167, in _multicall\n    raise exception\n  File \"/home/ubuntu/actions-runner/_work/wazuh-server-operator/wazuh-server-operator/.tox/integration/lib/python3.12/site-packages/pluggy/_callers.py\", line 139, in _multicall\n    teardown.throw(exception)\n  File \"/home/ubuntu/actions-runner/_work/wazuh-server-operator/wazuh-server-operator/.tox/integration/lib/python3.12/site-packages/_pytest/logging.py\", line 843, in pytest_runtest_setup\n    yield\n  File \"/home/ubuntu/actions-runner/_work/wazuh-server-operator/wazuh-server-operator/.tox/integration/lib/python3.12/site-packages/pluggy/_callers.py\", line 139, in _multicall\n    teardown.throw(exception)\n  File \"/home/ubuntu/actions-runner/_work/wazuh-server-operator/wazuh-server-operator/.tox/integration/lib/python3.12/site-packages/pluggy/_callers.py\", line 53, in run_old_style_hookwrapper\n    return result.get_result()\n           ^^^^^^^^^^^^^^^^^^^\n  File \"/home/ubuntu/actions-runner/_work/wazuh-server-operator/wazuh-server-operator/.tox/integration/lib/python3.12/site-packages/pluggy/_result.py\", line 103, in get_result\n    raise exc.with_traceback(tb)\n  File \"/home/ubuntu/actions-runner/_work/wazuh-server-operator/wazuh-server-operator/.tox/integration/lib/python3.12/site-packages/pluggy/_callers.py\", line 38, in run_old_style_hookwrapper\n    res = yield\n          ^^^^^\n  File \"/home/ubuntu/actions-runner/_work/wazuh-server-operator/wazuh-server-operator/.tox/integration/lib/python3.12/site-packages/pluggy/_callers.py\", line 139, in _multicall\n    teardown.throw(exception)\n  File \"/home/ubuntu/actions-runner/_work/wazuh-server-operator/wazuh-server-operator/.tox/integration/lib/python3.12/site-packages/_pytest/capture.py\", line 895, in pytest_runtest_setup\n    return (yield)\n            ^^^^^\n  File \"/home/ubuntu/actions-runner/_work/wazuh-server-operator/wazuh-server-operator/.tox/integration/lib/python3.12/site-packages/pluggy/_callers.py\", line 121, in _multicall\n    res = hook_impl.function(*args)\n          ^^^^^^^^^^^^^^^^^^^^^^^^^\n  File \"/home/ubuntu/actions-runner/_work/wazuh-server-operator/wazuh-server-operator/.tox/integration/lib/python3.12/site-packages/_pytest/runner.py\", line 165, in pytest_runtest_setup\n    item.session._setupstate.setup(item)\n  File \"/home/ubuntu/actions-runner/_work/wazuh-server-operator/wazuh-server-operator/.tox/integration/lib/python3.12/site-packages/_pytest/runner.py\", line 523, in setup\n    col.setup()\n  File \"/home/ubuntu/actions-runner/_work/wazuh-server-operator/wazuh-server-operator/.tox/integration/lib/python3.12/site-packages/_pytest/python.py\", line 1723, in setup\n    self._request._fillfixtures()\n  File \"/home/ubuntu/actions-runner/_work/wazuh-server-operator/wazuh-server-operator/.tox/integration/lib/python3.12/site-packages/_pytest/fixtures.py\", line 707, in _fillfixtures\n    item.funcargs[argname] = self.getfixturevalue(argname)\n                             ^^^^^^^^^^^^^^^^^^^^^^^^^^^^^\n  File \"/home/ubuntu/actions-runner/_work/wazuh-server-operator/wazuh-server-operator/.tox/integration/lib/python3.12/site-packages/_pytest/fixtures.py\", line 539, in getfixturevalue\n    fixturedef = self._get_active_fixturedef(argname)\n                 ^^^^^^^^^^^^^^^^^^^^^^^^^^^^^^^^^^^^\n  File \"/home/ubuntu/actions-runner/_work/wazuh-server-operator/wazuh-server-operator/.tox/integration/lib/python3.12/site-packages/_pytest/fixtures.py\", line 627, in _get_active_fixturedef\n    fixturedef.execute(request=subrequest)\n  File \"/home/ubuntu/actions-runner/_work/wazuh-server-operator/wazuh-server-operator/.tox/integration/lib/python3.12/site-packages/_pytest/fixtures.py\", line 1068, in execute\n    fixturedef = request._get_active_fixturedef(argname)\n                 ^^^^^^^^^^^^^^^^^^^^^^^^^^^^^^^^^^^^^^^\n  File \"/home/ubuntu/actions-runner/_work/wazuh-server-operator/wazuh-server-operator/.tox/integration/lib/python3.12/site-packages/_pytest/fixtures.py\", line 627, in _get_active_fixturedef\n    fixturedef.execute(request=subrequest)\n  File \"/home/ubuntu/actions-runner/_work/wazuh-server-operator/wazuh-server-operator/.tox/integration/lib/python3.12/site-packages/_pytest/fixtures.py\", line 1091, in execute\n    raise exc.with_traceback(exc_tb)\n  File \"/home/ubuntu/actions-runner/_work/wazuh-server-operator/wazuh-server-operator/.tox/integration/lib/python3.12/site-packages/_pytest/fixtures.py\", line 1202, in pytest_fixture_setup\n    result = call_fixture_func(fixturefunc, request, kwargs)\n             ^^^^^^^^^^^^^^^^^^^^^^^^^^^^^^^^^^^^^^^^^^^^^^^\n  File \"/home/ubuntu/actions-runner/_work/wazuh-server-operator/wazuh-server-operator/.tox/integration/lib/python3.12/site-packages/_pytest/fixtures.py\", line 915, in call_fixture_func\n    fixture_result = fixturefunc(**kwargs)\n                     ^^^^^^^^^^^^^^^^^^^^^\n  File \"/home/ubuntu/actions-runner/_work/wazuh-server-operator/wazuh-server-operator/.tox/integration/lib/python3.12/site-packages/pytest_asyncio/plugin.py\", line 302, in _asyncgen_fixture_wrapper\n    result = event_loop.run_until_complete(setup())\n             ^^^^^^^^^^^^^^^^^^^^^^^^^^^^^^^^^^^^^^\n  File \"/usr/lib/python3.12/asyncio/base_events.py\", line 687, in run_until_complete\n    return future.result()\n           ^^^^^^^^^^^^^^^\n  File \"/home/ubuntu/actions-runner/_work/wazuh-server-operator/wazuh-server-operator/.tox/integration/lib/python3.12/site-packages/pytest_asyncio/plugin.py\", line 284, in setup\n    res = await gen_obj.__anext__()\n          ^^^^^^^^^^^^^^^^^^^^^^^^^\n  File \"/home/ubuntu/actions-runner/_work/wazuh-server-operator/wazuh-server-operator/tests/integration/conftest.py\", line 153, in opensearch_provider_fixture\n    await machine_model.wait_for_idle(\n  File \"/home/ubuntu/actions-runner/_work/wazuh-server-operator/wazuh-server-operator/.tox/integration/lib/python3.12/site-packages/juju/model/__init__.py\", line 3250, in wait_for_idle\n    raise asyncio.TimeoutError(\nTimeoutError: Timed out waiting for model:\n  wazuh-indexer/0 [executing] maintenance: Installing OpenSearch...\n  wazuh-indexer/1 [idle] active: \n  wazuh-indexer/2 [idle] active:","flaky":false,"newFailed":false,"newBroken":true,"newPassed":false,"retriesCount":1,"retriesStatusChange":true,"beforeStages":[{"name":"tmp_path_factory","time":{"start":1763372615046,"stop":1763372615046,"duration":0},"status":"passed","steps":[],"attachments":[],"parameters":[],"shouldDisplayMessage":false,"stepsCount":0,"attachmentsCount":0,"hasContent":false,"attachmentStep":false},{"name":"ops_test","time":{"start":1763372615046,"stop":1763372615260,"duration":214},"status":"passed","steps":[],"attachments":[],"parameters":[],"shouldDisplayMessage":false,"stepsCount":0,"attachmentsCount":0,"hasContent":false,"attachmentStep":false},{"name":"pytestconfig","time":{"start":1763372615046,"stop":1763372615046,"duration":0},"status":"passed","steps":[],"attachments":[],"parameters":[],"shouldDisplayMessage":false,"stepsCount":0,"attachmentsCount":0,"hasContent":false,"attachmentStep":false},{"name":"event_loop","time":{"start":1763372615046,"stop":1763372615046,"duration":0},"status":"passed","steps":[],"attachments":[],"parameters":[],"shouldDisplayMessage":false,"stepsCount":0,"attachmentsCount":0,"hasContent":false,"attachmentStep":false},{"name":"machine_controller","time":{"start":1763372615260,"stop":1763372615287,"duration":27},"status":"passed","steps":[],"attachments":[],"parameters":[],"shouldDisplayMessage":false,"stepsCount":0,"attachmentsCount":0,"hasContent":false,"attachmentStep":false},{"name":"model","time":{"start":1763372615260,"stop":1763372615260,"duration":0},"status":"passed","steps":[],"attachments":[],"parameters":[],"shouldDisplayMessage":false,"stepsCount":0,"attachmentsCount":0,"hasContent":false,"attachmentStep":false},{"name":"charm","time":{"start":1763372615260,"stop":1763372615260,"duration":0},"status":"passed","steps":[],"attachments":[],"parameters":[],"shouldDisplayMessage":false,"stepsCount":0,"attachmentsCount":0,"hasContent":false,"attachmentStep":false},{"name":"machine_model","time":{"start":1763372615287,"stop":1763372615951,"duration":664},"status":"passed","steps":[],"attachments":[],"parameters":[],"shouldDisplayMessage":false,"stepsCount":0,"attachmentsCount":0,"hasContent":false,"attachmentStep":false},{"name":"self_signed_certificates","time":{"start":1763372615951,"stop":1763372618353,"duration":2402},"status":"passed","steps":[],"attachments":[],"parameters":[],"shouldDisplayMessage":false,"stepsCount":0,"attachmentsCount":0,"hasContent":false,"attachmentStep":false},{"name":"opensearch_provider","time":{"start":1763372618353,"stop":1763374420015,"duration":1801662},"status":"broken","statusMessage":"TimeoutError: Timed out waiting for model:\n  wazuh-indexer/0 [executing] maintenance: Installing OpenSearch...\n  wazuh-indexer/1 [idle] active: \n  wazuh-indexer/2 [idle] active: \n","statusTrace":"  File \"/home/ubuntu/actions-runner/_work/wazuh-server-operator/wazuh-server-operator/.tox/integration/lib/python3.12/site-packages/pluggy/_callers.py\", line 38, in run_old_style_hookwrapper\n    res = yield\n          ^^^^^\n  File \"/home/ubuntu/actions-runner/_work/wazuh-server-operator/wazuh-server-operator/.tox/integration/lib/python3.12/site-packages/pluggy/_callers.py\", line 139, in _multicall\n    teardown.throw(exception)\n  File \"/home/ubuntu/actions-runner/_work/wazuh-server-operator/wazuh-server-operator/.tox/integration/lib/python3.12/site-packages/pluggy/_callers.py\", line 53, in run_old_style_hookwrapper\n    return result.get_result()\n           ^^^^^^^^^^^^^^^^^^^\n  File \"/home/ubuntu/actions-runner/_work/wazuh-server-operator/wazuh-server-operator/.tox/integration/lib/python3.12/site-packages/pluggy/_result.py\", line 103, in get_result\n    raise exc.with_traceback(tb)\n  File \"/home/ubuntu/actions-runner/_work/wazuh-server-operator/wazuh-server-operator/.tox/integration/lib/python3.12/site-packages/pluggy/_callers.py\", line 38, in run_old_style_hookwrapper\n    res = yield\n          ^^^^^\n  File \"/home/ubuntu/actions-runner/_work/wazuh-server-operator/wazuh-server-operator/.tox/integration/lib/python3.12/site-packages/pluggy/_callers.py\", line 139, in _multicall\n    teardown.throw(exception)\n  File \"/home/ubuntu/actions-runner/_work/wazuh-server-operator/wazuh-server-operator/.tox/integration/lib/python3.12/site-packages/_pytest/setuponly.py\", line 36, in pytest_fixture_setup\n    return (yield)\n            ^^^^^\n  File \"/home/ubuntu/actions-runner/_work/wazuh-server-operator/wazuh-server-operator/.tox/integration/lib/python3.12/site-packages/pluggy/_callers.py\", line 121, in _multicall\n    res = hook_impl.function(*args)\n          ^^^^^^^^^^^^^^^^^^^^^^^^^\n  File \"/home/ubuntu/actions-runner/_work/wazuh-server-operator/wazuh-server-operator/.tox/integration/lib/python3.12/site-packages/_pytest/fixtures.py\", line 1202, in pytest_fixture_setup\n    result = call_fixture_func(fixturefunc, request, kwargs)\n             ^^^^^^^^^^^^^^^^^^^^^^^^^^^^^^^^^^^^^^^^^^^^^^^\n  File \"/home/ubuntu/actions-runner/_work/wazuh-server-operator/wazuh-server-operator/.tox/integration/lib/python3.12/site-packages/_pytest/fixtures.py\", line 915, in call_fixture_func\n    fixture_result = fixturefunc(**kwargs)\n                     ^^^^^^^^^^^^^^^^^^^^^\n  File \"/home/ubuntu/actions-runner/_work/wazuh-server-operator/wazuh-server-operator/.tox/integration/lib/python3.12/site-packages/pytest_asyncio/plugin.py\", line 302, in _asyncgen_fixture_wrapper\n    result = event_loop.run_until_complete(setup())\n             ^^^^^^^^^^^^^^^^^^^^^^^^^^^^^^^^^^^^^^\n  File \"/usr/lib/python3.12/asyncio/base_events.py\", line 687, in run_until_complete\n    return future.result()\n           ^^^^^^^^^^^^^^^\n  File \"/home/ubuntu/actions-runner/_work/wazuh-server-operator/wazuh-server-operator/.tox/integration/lib/python3.12/site-packages/pytest_asyncio/plugin.py\", line 284, in setup\n    res = await gen_obj.__anext__()\n          ^^^^^^^^^^^^^^^^^^^^^^^^^\n  File \"/home/ubuntu/actions-runner/_work/wazuh-server-operator/wazuh-server-operator/tests/integration/conftest.py\", line 153, in opensearch_provider_fixture\n    await machine_model.wait_for_idle(\n  File \"/home/ubuntu/actions-runner/_work/wazuh-server-operator/wazuh-server-operator/.tox/integration/lib/python3.12/site-packages/juju/model/__init__.py\", line 3250, in wait_for_idle\n    raise asyncio.TimeoutError(\n","steps":[],"attachments":[],"parameters":[],"shouldDisplayMessage":true,"stepsCount":0,"attachmentsCount":0,"hasContent":true,"attachmentStep":false}],"afterStages":[{"name":"self_signed_certificates::finalizer","time":{"start":1763374420033,"stop":1763374420033,"duration":0},"status":"passed","steps":[],"attachments":[],"parameters":[],"shouldDisplayMessage":false,"stepsCount":0,"attachmentsCount":0,"hasContent":false,"attachmentStep":false},{"name":"machine_model::finalizer","time":{"start":1763374420034,"stop":1763374420035,"duration":1},"status":"passed","steps":[],"attachments":[],"parameters":[],"shouldDisplayMessage":false,"stepsCount":0,"attachmentsCount":0,"hasContent":false,"attachmentStep":false},{"name":"machine_controller::finalizer","time":{"start":1763374420035,"stop":1763374421037,"duration":1002},"status":"passed","steps":[],"attachments":[],"parameters":[],"shouldDisplayMessage":false,"stepsCount":0,"attachmentsCount":0,"hasContent":false,"attachmentStep":false},{"name":"ops_test::finalizer","time":{"start":1763374421037,"stop":1763374421435,"duration":398},"status":"passed","steps":[],"attachments":[],"parameters":[],"shouldDisplayMessage":false,"stepsCount":0,"attachmentsCount":0,"hasContent":false,"attachmentStep":false},{"name":"event_loop::2","time":{"start":1763374421436,"stop":1763374421436,"duration":0},"status":"passed","steps":[],"attachments":[],"parameters":[],"shouldDisplayMessage":false,"stepsCount":0,"attachmentsCount":0,"hasContent":false,"attachmentStep":false},{"name":"event_loop::_close_event_loop","time":{"start":1763374421436,"stop":1763374421436,"duration":0},"status":"passed","steps":[],"attachments":[],"parameters":[],"shouldDisplayMessage":false,"stepsCount":0,"attachmentsCount":0,"hasContent":false,"attachmentStep":false},{"name":"event_loop::_provide_clean_event_loop","time":{"start":1763374421436,"stop":1763374421436,"duration":0},"status":"passed","steps":[],"attachments":[],"parameters":[],"shouldDisplayMessage":false,"stepsCount":0,"attachmentsCount":0,"hasContent":false,"attachmentStep":false}],"labels":[{"name":"tag","value":"abort_on_fail"},{"name":"tag","value":"asyncio"},{"name":"parentSuite","value":"tests.integration"},{"name":"suite","value":"test_charm"},{"name":"host","value":"github-runner"},{"name":"thread","value":"158600-MainThread"},{"name":"framework","value":"pytest"},{"name":"language","value":"cpython3"},{"name":"package","value":"tests.integration.test_charm"},{"name":"resultFormat","value":"allure2"}],"parameters":[],"links":[],"hidden":false,"retry":false,"extra":{"severity":"normal","retries":[{"uid":"96c2d00afeb42103","status":"unknown","time":{}}],"categories":[{"name":"Test defects","matchedStatuses":[]}],"history":{"statistic":{"failed":1,"broken":4,"skipped":0,"passed":9,"unknown":0,"total":14},"items":[{"uid":"cc5ca1f347bfdc44","reportUrl":"../1661//#testresult/cc5ca1f347bfdc44","status":"passed","time":{"start":1763367185752,"stop":1763367236515,"duration":50763}},{"uid":"2806832de1118e37","reportUrl":"../1660//#testresult/2806832de1118e37","status":"passed","time":{"start":1763173850250,"stop":1763173905474,"duration":55224}},{"uid":"5ca508c2ad83e78b","reportUrl":"../1659//#testresult/5ca508c2ad83e78b","status":"passed","time":{"start":1763164707115,"stop":1763164756666,"duration":49551}},{"uid":"b80078e4e8876e92","reportUrl":"../1658//#testresult/b80078e4e8876e92","status":"passed","time":{"start":1763158653137,"stop":1763158707521,"duration":54384}},{"uid":"834a32895fbc66dd","reportUrl":"../1657//#testresult/834a32895fbc66dd","status":"passed","time":{"start":1763155406762,"stop":1763155457827,"duration":51065}},{"uid":"14c5cae8ef633763","reportUrl":"../1656//#testresult/14c5cae8ef633763","status":"passed","time":{"start":1763132525705,"stop":1763132739525,"duration":213820}},{"uid":"d8b1fa7492de532e","reportUrl":"../1655//#testresult/d8b1fa7492de532e","status":"passed","time":{"start":1763119059957,"stop":1763119275841,"duration":215884}},{"uid":"ed8d31d2acc7fc59","reportUrl":"../1654//#testresult/ed8d31d2acc7fc59","status":"failed","statusDetails":"AssertionError: NAME            TYPE    VERSION  ADDRESS                                \n  wazuh-server-0  master  4.11.0   wazuh-server-0.wazuh-server-endpoints  \n  \nassert 'worker' in 'NAME            TYPE    VERSION  ADDRESS                                \\nwazuh-server-0  master  4.11.0   wazuh-server-0.wazuh-server-endpoints  \\n'","time":{"start":1763099127158,"stop":1763099177298,"duration":50140}},{"uid":"48d181cd444d88ec","reportUrl":"../1652//#testresult/48d181cd444d88ec","status":"passed","time":{"start":1763097324122,"stop":1763097681668,"duration":357546}},{"uid":"8c7bc6dc0a490c39","reportUrl":"../1650//#testresult/8c7bc6dc0a490c39","status":"passed","time":{"start":1762997898929,"stop":1762998159401,"duration":260472}},{"uid":"3590378c9ded1205","reportUrl":"../1649//#testresult/3590378c9ded1205","status":"broken","statusDetails":"TimeoutError: Timed out waiting for model:\n  wazuh-indexer/0 [allocating] waiting: waiting for machine\n  wazuh-indexer/1 [allocating] waiting: waiting for machine\n  wazuh-indexer/2 [allocating] waiting: waiting for machine","time":{"start":1762436104894,"stop":1762436104894,"duration":0}},{"uid":"8701f279d4b65131","reportUrl":"../1648//#testresult/8701f279d4b65131","status":"broken","statusDetails":"TimeoutError: Timed out waiting for model:\n  wazuh-indexer/0 [allocating] waiting: waiting for machine\n  wazuh-indexer/1 [allocating] waiting: waiting for machine\n  wazuh-indexer/2 [allocating] waiting: waiting for machine","time":{"start":1761563601590,"stop":1761563601590,"duration":0}},{"uid":"19232449a4a680a5","reportUrl":"../1645//#testresult/19232449a4a680a5","status":"broken","statusDetails":"TimeoutError: Timed out waiting for model:\n  wazuh-indexer/0 [allocating] waiting: waiting for machine\n  wazuh-indexer/1 [allocating] waiting: waiting for machine\n  wazuh-indexer/2 [allocating] waiting: waiting for machine","time":{"start":1761053548688,"stop":1761053548688,"duration":0}}]},"tags":["asyncio","abort_on_fail"]},"source":"90462f295d223c31.json","parameterValues":[]}